  AnimationClip.cpp
  Animator.cpp
  AudioManager.cpp
c:\users\jens\documents\school\schooljaar 2017 & 2018\ambitieproject\ambitieprojectnhtv\game\game\BoxCollider.h(20): warning C4244: 'argument': conversion from 'int' to 'float', possible loss of data
c:\users\jens\documents\school\schooljaar 2017 & 2018\ambitieproject\ambitieprojectnhtv\game\game\BoxCollider.h(21): warning C4244: 'argument': conversion from 'int' to 'float', possible loss of data
c:\users\jens\documents\school\schooljaar 2017 & 2018\ambitieproject\ambitieprojectnhtv\game\game\BoxCollider.h(22): warning C4244: 'argument': conversion from 'int' to 'float', possible loss of data
  BoxCollider.cpp
c:\users\jens\documents\school\schooljaar 2017 & 2018\ambitieproject\ambitieprojectnhtv\game\game\BoxCollider.h(20): warning C4244: 'argument': conversion from 'int' to 'float', possible loss of data
c:\users\jens\documents\school\schooljaar 2017 & 2018\ambitieproject\ambitieprojectnhtv\game\game\BoxCollider.h(21): warning C4244: 'argument': conversion from 'int' to 'float', possible loss of data
c:\users\jens\documents\school\schooljaar 2017 & 2018\ambitieproject\ambitieprojectnhtv\game\game\BoxCollider.h(22): warning C4244: 'argument': conversion from 'int' to 'float', possible loss of data
BoxCollider.cpp(49): warning C4244: '=': conversion from 'const float' to 'int', possible loss of data
BoxCollider.cpp(50): warning C4244: '=': conversion from 'const float' to 'int', possible loss of data
BoxCollider.cpp(51): warning C4244: '=': conversion from 'const float' to 'int', possible loss of data
BoxCollider.cpp(52): warning C4244: '=': conversion from 'const float' to 'int', possible loss of data
BoxCollider.cpp(136): warning C4244: 'argument': conversion from 'int' to 'float', possible loss of data
BoxCollider.cpp(166): warning C4244: 'argument': conversion from 'int' to 'float', possible loss of data
BoxCollider.cpp(199): warning C4244: 'argument': conversion from 'int' to 'float', possible loss of data
  Button.cpp
Button.cpp(43): warning C4244: 'argument': conversion from 'int' to 'float', possible loss of data
  Collider.cpp
c:\users\jens\documents\school\schooljaar 2017 & 2018\ambitieproject\ambitieprojectnhtv\game\game\BoxCollider.h(20): warning C4244: 'argument': conversion from 'int' to 'float', possible loss of data
c:\users\jens\documents\school\schooljaar 2017 & 2018\ambitieproject\ambitieprojectnhtv\game\game\BoxCollider.h(21): warning C4244: 'argument': conversion from 'int' to 'float', possible loss of data
c:\users\jens\documents\school\schooljaar 2017 & 2018\ambitieproject\ambitieprojectnhtv\game\game\BoxCollider.h(22): warning C4244: 'argument': conversion from 'int' to 'float', possible loss of data
  Component.cpp
  CreditsScene.cpp
c:\users\jens\documents\school\schooljaar 2017 & 2018\ambitieproject\ambitieprojectnhtv\game\game\BoxCollider.h(20): warning C4244: 'argument': conversion from 'int' to 'float', possible loss of data
c:\users\jens\documents\school\schooljaar 2017 & 2018\ambitieproject\ambitieprojectnhtv\game\game\BoxCollider.h(21): warning C4244: 'argument': conversion from 'int' to 'float', possible loss of data
c:\users\jens\documents\school\schooljaar 2017 & 2018\ambitieproject\ambitieprojectnhtv\game\game\BoxCollider.h(22): warning C4244: 'argument': conversion from 'int' to 'float', possible loss of data
CreditsScene.cpp(28): warning C4244: 'argument': conversion from 'unsigned int' to 'float', possible loss of data
  Equations.cpp
c:\users\jens\documents\school\schooljaar 2017 & 2018\ambitieproject\ambitieprojectnhtv\game\game\BoxCollider.h(20): warning C4244: 'argument': conversion from 'int' to 'float', possible loss of data
c:\users\jens\documents\school\schooljaar 2017 & 2018\ambitieproject\ambitieprojectnhtv\game\game\BoxCollider.h(21): warning C4244: 'argument': conversion from 'int' to 'float', possible loss of data
c:\users\jens\documents\school\schooljaar 2017 & 2018\ambitieproject\ambitieprojectnhtv\game\game\BoxCollider.h(22): warning C4244: 'argument': conversion from 'int' to 'float', possible loss of data
Equations.cpp(34): warning C4244: '=': conversion from 'double' to 'float', possible loss of data
Equations.cpp(36): warning C4244: '=': conversion from 'double' to 'float', possible loss of data
  Font.cpp
  Game.cpp
c:\users\jens\documents\school\schooljaar 2017 & 2018\ambitieproject\ambitieprojectnhtv\game\game\BoxCollider.h(20): warning C4244: 'argument': conversion from 'int' to 'float', possible loss of data
c:\users\jens\documents\school\schooljaar 2017 & 2018\ambitieproject\ambitieprojectnhtv\game\game\BoxCollider.h(21): warning C4244: 'argument': conversion from 'int' to 'float', possible loss of data
c:\users\jens\documents\school\schooljaar 2017 & 2018\ambitieproject\ambitieprojectnhtv\game\game\BoxCollider.h(22): warning C4244: 'argument': conversion from 'int' to 'float', possible loss of data
  GameFlowManager.cpp
c:\users\jens\documents\school\schooljaar 2017 & 2018\ambitieproject\ambitieprojectnhtv\game\game\BoxCollider.h(20): warning C4244: 'argument': conversion from 'int' to 'float', possible loss of data
c:\users\jens\documents\school\schooljaar 2017 & 2018\ambitieproject\ambitieprojectnhtv\game\game\BoxCollider.h(21): warning C4244: 'argument': conversion from 'int' to 'float', possible loss of data
c:\users\jens\documents\school\schooljaar 2017 & 2018\ambitieproject\ambitieprojectnhtv\game\game\BoxCollider.h(22): warning C4244: 'argument': conversion from 'int' to 'float', possible loss of data
GameFlowManager.cpp(73): warning C4244: 'argument': conversion from 'unsigned int' to 'float', possible loss of data
GameFlowManager.cpp(74): warning C4244: 'argument': conversion from 'unsigned int' to 'float', possible loss of data
GameFlowManager.cpp(83): warning C4244: 'argument': conversion from 'unsigned int' to 'float', possible loss of data
GameFlowManager.cpp(87): warning C4244: 'argument': conversion from 'unsigned int' to 'float', possible loss of data
GameFlowManager.cpp(93): warning C4244: 'argument': conversion from 'unsigned int' to 'float', possible loss of data
GameFlowManager.cpp(94): warning C4244: 'argument': conversion from 'unsigned int' to 'float', possible loss of data
GameFlowManager.cpp(81): warning C4996: 'sf::Text::setColor': was declared deprecated
  C:\Users\Jens\Documents\School\Schooljaar 2017 & 2018\Ambitieproject\AmbitieprojectNHTV\Game\SFML\include\SFML/Graphics/Text.hpp(177): note: see declaration of 'sf::Text::setColor'
GameFlowManager.cpp(89): warning C4996: 'sf::Text::setColor': was declared deprecated
  C:\Users\Jens\Documents\School\Schooljaar 2017 & 2018\Ambitieproject\AmbitieprojectNHTV\Game\SFML\include\SFML/Graphics/Text.hpp(177): note: see declaration of 'sf::Text::setColor'
c:\users\jens\documents\school\schooljaar 2017 & 2018\ambitieproject\ambitieprojectnhtv\game\game\GameObject.h(74): warning C4018: '<': signed/unsigned mismatch
  GameFlowManager.cpp(135): note: see reference to function template instantiation 'component *GameObject::GetComponent<TimeManager>(void)' being compiled
          with
          [
              component=TimeManager
          ]
  GameObject.cpp
  Input.cpp
c:\users\jens\documents\school\schooljaar 2017 & 2018\ambitieproject\ambitieprojectnhtv\game\game\BoxCollider.h(20): warning C4244: 'argument': conversion from 'int' to 'float', possible loss of data
c:\users\jens\documents\school\schooljaar 2017 & 2018\ambitieproject\ambitieprojectnhtv\game\game\BoxCollider.h(21): warning C4244: 'argument': conversion from 'int' to 'float', possible loss of data
c:\users\jens\documents\school\schooljaar 2017 & 2018\ambitieproject\ambitieprojectnhtv\game\game\BoxCollider.h(22): warning C4244: 'argument': conversion from 'int' to 'float', possible loss of data
  LevelLoader.cpp
c:\users\jens\documents\school\schooljaar 2017 & 2018\ambitieproject\ambitieprojectnhtv\game\game\BoxCollider.h(20): warning C4244: 'argument': conversion from 'int' to 'float', possible loss of data
c:\users\jens\documents\school\schooljaar 2017 & 2018\ambitieproject\ambitieprojectnhtv\game\game\BoxCollider.h(21): warning C4244: 'argument': conversion from 'int' to 'float', possible loss of data
c:\users\jens\documents\school\schooljaar 2017 & 2018\ambitieproject\ambitieprojectnhtv\game\game\BoxCollider.h(22): warning C4244: 'argument': conversion from 'int' to 'float', possible loss of data
LevelLoader.cpp(36): warning C4018: '<': signed/unsigned mismatch
LevelLoader.cpp(88): warning C4244: 'argument': conversion from 'float' to 'int', possible loss of data
LevelLoader.cpp(92): warning C4018: '<': signed/unsigned mismatch
  LevelSelectManager.cpp
c:\users\jens\documents\school\schooljaar 2017 & 2018\ambitieproject\ambitieprojectnhtv\game\game\BoxCollider.h(20): warning C4244: 'argument': conversion from 'int' to 'float', possible loss of data
c:\users\jens\documents\school\schooljaar 2017 & 2018\ambitieproject\ambitieprojectnhtv\game\game\BoxCollider.h(21): warning C4244: 'argument': conversion from 'int' to 'float', possible loss of data
c:\users\jens\documents\school\schooljaar 2017 & 2018\ambitieproject\ambitieprojectnhtv\game\game\BoxCollider.h(22): warning C4244: 'argument': conversion from 'int' to 'float', possible loss of data
LevelSelectManager.cpp(60): warning C4018: '<': signed/unsigned mismatch
LevelSelectManager.cpp(67): warning C4244: 'argument': conversion from 'unsigned int' to 'float', possible loss of data
LevelSelectManager.cpp(68): warning C4244: 'argument': conversion from 'int' to 'float', possible loss of data
LevelSelectManager.cpp(77): warning C4244: 'argument': conversion from 'int' to 'float', possible loss of data
LevelSelectManager.cpp(80): warning C4244: 'argument': conversion from 'int' to 'float', possible loss of data
LevelSelectManager.cpp(73): warning C4996: 'sf::Text::setColor': was declared deprecated
  C:\Users\Jens\Documents\School\Schooljaar 2017 & 2018\Ambitieproject\AmbitieprojectNHTV\Game\SFML\include\SFML/Graphics/Text.hpp(177): note: see declaration of 'sf::Text::setColor'
  LevelSelectScene.cpp
c:\users\jens\documents\school\schooljaar 2017 & 2018\ambitieproject\ambitieprojectnhtv\game\game\BoxCollider.h(20): warning C4244: 'argument': conversion from 'int' to 'float', possible loss of data
c:\users\jens\documents\school\schooljaar 2017 & 2018\ambitieproject\ambitieprojectnhtv\game\game\BoxCollider.h(21): warning C4244: 'argument': conversion from 'int' to 'float', possible loss of data
c:\users\jens\documents\school\schooljaar 2017 & 2018\ambitieproject\ambitieprojectnhtv\game\game\BoxCollider.h(22): warning C4244: 'argument': conversion from 'int' to 'float', possible loss of data
LevelSelectScene.cpp(35): warning C4244: 'argument': conversion from 'unsigned int' to 'float', possible loss of data
LevelSelectScene.cpp(39): warning C4244: 'argument': conversion from 'unsigned int' to 'float', possible loss of data
LevelSelectScene.cpp(43): warning C4244: 'argument': conversion from 'unsigned int' to 'float', possible loss of data
LevelSelectScene.cpp(44): warning C4244: 'argument': conversion from 'unsigned int' to 'float', possible loss of data
  Main.cpp
c:\users\jens\documents\school\schooljaar 2017 & 2018\ambitieproject\ambitieprojectnhtv\game\game\BoxCollider.h(20): warning C4244: 'argument': conversion from 'int' to 'float', possible loss of data
c:\users\jens\documents\school\schooljaar 2017 & 2018\ambitieproject\ambitieprojectnhtv\game\game\BoxCollider.h(21): warning C4244: 'argument': conversion from 'int' to 'float', possible loss of data
c:\users\jens\documents\school\schooljaar 2017 & 2018\ambitieproject\ambitieprojectnhtv\game\game\BoxCollider.h(22): warning C4244: 'argument': conversion from 'int' to 'float', possible loss of data
  MainScene.cpp
c:\users\jens\documents\school\schooljaar 2017 & 2018\ambitieproject\ambitieprojectnhtv\game\game\BoxCollider.h(20): warning C4244: 'argument': conversion from 'int' to 'float', possible loss of data
c:\users\jens\documents\school\schooljaar 2017 & 2018\ambitieproject\ambitieprojectnhtv\game\game\BoxCollider.h(21): warning C4244: 'argument': conversion from 'int' to 'float', possible loss of data
c:\users\jens\documents\school\schooljaar 2017 & 2018\ambitieproject\ambitieprojectnhtv\game\game\BoxCollider.h(22): warning C4244: 'argument': conversion from 'int' to 'float', possible loss of data
MainScene.cpp(51): warning C4244: 'argument': conversion from 'unsigned int' to 'float', possible loss of data
MainScene.cpp(59): warning C4244: 'argument': conversion from 'unsigned int' to 'float', possible loss of data
MainScene.cpp(60): warning C4244: 'argument': conversion from 'unsigned int' to 'float', possible loss of data
MainScene.cpp(65): warning C4244: 'argument': conversion from 'unsigned int' to 'float', possible loss of data
MainScene.cpp(70): warning C4244: 'argument': conversion from 'unsigned int' to 'float', possible loss of data
MainScene.cpp(66): warning C4996: 'sf::Text::setColor': was declared deprecated
  C:\Users\Jens\Documents\School\Schooljaar 2017 & 2018\Ambitieproject\AmbitieprojectNHTV\Game\SFML\include\SFML/Graphics/Text.hpp(177): note: see declaration of 'sf::Text::setColor'
  MenuScene.cpp
c:\users\jens\documents\school\schooljaar 2017 & 2018\ambitieproject\ambitieprojectnhtv\game\game\BoxCollider.h(20): warning C4244: 'argument': conversion from 'int' to 'float', possible loss of data
c:\users\jens\documents\school\schooljaar 2017 & 2018\ambitieproject\ambitieprojectnhtv\game\game\BoxCollider.h(21): warning C4244: 'argument': conversion from 'int' to 'float', possible loss of data
c:\users\jens\documents\school\schooljaar 2017 & 2018\ambitieproject\ambitieprojectnhtv\game\game\BoxCollider.h(22): warning C4244: 'argument': conversion from 'int' to 'float', possible loss of data
MenuScene.cpp(46): warning C4244: 'argument': conversion from 'unsigned int' to 'float', possible loss of data
MenuScene.cpp(47): warning C4244: 'argument': conversion from 'unsigned int' to 'float', possible loss of data
MenuScene.cpp(51): warning C4244: 'argument': conversion from 'unsigned int' to 'float', possible loss of data
MenuScene.cpp(52): warning C4244: 'argument': conversion from 'unsigned int' to 'float', possible loss of data
MenuScene.cpp(62): warning C4305: 'argument': truncation from 'double' to 'float'
MenuScene.cpp(74): warning C4244: 'argument': conversion from 'unsigned int' to 'float', possible loss of data
MenuScene.cpp(75): warning C4244: 'argument': conversion from 'unsigned int' to 'float', possible loss of data
  Compiling...
  Mirror.cpp
c:\users\jens\documents\school\schooljaar 2017 & 2018\ambitieproject\ambitieprojectnhtv\game\game\BoxCollider.h(20): warning C4244: 'argument': conversion from 'int' to 'float', possible loss of data
c:\users\jens\documents\school\schooljaar 2017 & 2018\ambitieproject\ambitieprojectnhtv\game\game\BoxCollider.h(21): warning C4244: 'argument': conversion from 'int' to 'float', possible loss of data
c:\users\jens\documents\school\schooljaar 2017 & 2018\ambitieproject\ambitieprojectnhtv\game\game\BoxCollider.h(22): warning C4244: 'argument': conversion from 'int' to 'float', possible loss of data
Mirror.cpp(31): warning C4244: 'argument': conversion from 'int' to 'float', possible loss of data
c:\users\jens\documents\school\schooljaar 2017 & 2018\ambitieproject\ambitieprojectnhtv\game\game\GameObject.h(74): warning C4018: '<': signed/unsigned mismatch
  Mirror.cpp(34): note: see reference to function template instantiation 'component *GameObject::GetComponent<BC::Sprite>(void)' being compiled
          with
          [
              component=BC::Sprite
          ]
  MirrorManager.cpp
c:\users\jens\documents\school\schooljaar 2017 & 2018\ambitieproject\ambitieprojectnhtv\game\game\BoxCollider.h(20): warning C4244: 'argument': conversion from 'int' to 'float', possible loss of data
c:\users\jens\documents\school\schooljaar 2017 & 2018\ambitieproject\ambitieprojectnhtv\game\game\BoxCollider.h(21): warning C4244: 'argument': conversion from 'int' to 'float', possible loss of data
c:\users\jens\documents\school\schooljaar 2017 & 2018\ambitieproject\ambitieprojectnhtv\game\game\BoxCollider.h(22): warning C4244: 'argument': conversion from 'int' to 'float', possible loss of data
MirrorManager.cpp(240): warning C4244: '=': conversion from 'double' to 'float', possible loss of data
MirrorManager.cpp(249): warning C4244: 'argument': conversion from 'float' to 'int', possible loss of data
MirrorManager.cpp(387): warning C4244: 'argument': conversion from 'unsigned int' to 'float', possible loss of data
c:\users\jens\documents\school\schooljaar 2017 & 2018\ambitieproject\ambitieprojectnhtv\game\game\GameObject.h(74): warning C4018: '<': signed/unsigned mismatch
  MirrorManager.cpp(50): note: see reference to function template instantiation 'component *GameObject::GetComponent<ReflectorBeam>(void)' being compiled
          with
          [
              component=ReflectorBeam
          ]
  Music.cpp
  ReflectorBeam.cpp
c:\users\jens\documents\school\schooljaar 2017 & 2018\ambitieproject\ambitieprojectnhtv\game\game\BoxCollider.h(20): warning C4244: 'argument': conversion from 'int' to 'float', possible loss of data
c:\users\jens\documents\school\schooljaar 2017 & 2018\ambitieproject\ambitieprojectnhtv\game\game\BoxCollider.h(21): warning C4244: 'argument': conversion from 'int' to 'float', possible loss of data
c:\users\jens\documents\school\schooljaar 2017 & 2018\ambitieproject\ambitieprojectnhtv\game\game\BoxCollider.h(22): warning C4244: 'argument': conversion from 'int' to 'float', possible loss of data
ReflectorBeam.cpp(9): warning C4244: 'initializing': conversion from 'int' to 'float', possible loss of data
c:\users\jens\documents\school\schooljaar 2017 & 2018\ambitieproject\ambitieprojectnhtv\game\game\GameObject.h(74): warning C4018: '<': signed/unsigned mismatch
  ReflectorBeam.cpp(31): note: see reference to function template instantiation 'component *GameObject::GetComponent<ReflectorBeam>(void)' being compiled
          with
          [
              component=ReflectorBeam
          ]
  ReflectorBeamManager.cpp
c:\users\jens\documents\school\schooljaar 2017 & 2018\ambitieproject\ambitieprojectnhtv\game\game\BoxCollider.h(20): warning C4244: 'argument': conversion from 'int' to 'float', possible loss of data
c:\users\jens\documents\school\schooljaar 2017 & 2018\ambitieproject\ambitieprojectnhtv\game\game\BoxCollider.h(21): warning C4244: 'argument': conversion from 'int' to 'float', possible loss of data
c:\users\jens\documents\school\schooljaar 2017 & 2018\ambitieproject\ambitieprojectnhtv\game\game\BoxCollider.h(22): warning C4244: 'argument': conversion from 'int' to 'float', possible loss of data
c:\users\jens\documents\school\schooljaar 2017 & 2018\ambitieproject\ambitieprojectnhtv\game\game\GameObject.h(74): warning C4018: '<': signed/unsigned mismatch
  ReflectorBeamManager.cpp(19): note: see reference to function template instantiation 'component *GameObject::GetComponent<BC::Sprite>(void)' being compiled
          with
          [
              component=BC::Sprite
          ]
  Renderer.cpp
c:\users\jens\documents\school\schooljaar 2017 & 2018\ambitieproject\ambitieprojectnhtv\game\game\BoxCollider.h(20): warning C4244: 'argument': conversion from 'int' to 'float', possible loss of data
c:\users\jens\documents\school\schooljaar 2017 & 2018\ambitieproject\ambitieprojectnhtv\game\game\BoxCollider.h(21): warning C4244: 'argument': conversion from 'int' to 'float', possible loss of data
c:\users\jens\documents\school\schooljaar 2017 & 2018\ambitieproject\ambitieprojectnhtv\game\game\BoxCollider.h(22): warning C4244: 'argument': conversion from 'int' to 'float', possible loss of data
  Scene.cpp
c:\users\jens\documents\school\schooljaar 2017 & 2018\ambitieproject\ambitieprojectnhtv\game\game\BoxCollider.h(20): warning C4244: 'argument': conversion from 'int' to 'float', possible loss of data
c:\users\jens\documents\school\schooljaar 2017 & 2018\ambitieproject\ambitieprojectnhtv\game\game\BoxCollider.h(21): warning C4244: 'argument': conversion from 'int' to 'float', possible loss of data
c:\users\jens\documents\school\schooljaar 2017 & 2018\ambitieproject\ambitieprojectnhtv\game\game\BoxCollider.h(22): warning C4244: 'argument': conversion from 'int' to 'float', possible loss of data
  SceneManager.cpp
c:\users\jens\documents\school\schooljaar 2017 & 2018\ambitieproject\ambitieprojectnhtv\game\game\BoxCollider.h(20): warning C4244: 'argument': conversion from 'int' to 'float', possible loss of data
c:\users\jens\documents\school\schooljaar 2017 & 2018\ambitieproject\ambitieprojectnhtv\game\game\BoxCollider.h(21): warning C4244: 'argument': conversion from 'int' to 'float', possible loss of data
c:\users\jens\documents\school\schooljaar 2017 & 2018\ambitieproject\ambitieprojectnhtv\game\game\BoxCollider.h(22): warning C4244: 'argument': conversion from 'int' to 'float', possible loss of data
  ScoreManager.cpp
c:\users\jens\documents\school\schooljaar 2017 & 2018\ambitieproject\ambitieprojectnhtv\game\game\BoxCollider.h(20): warning C4244: 'argument': conversion from 'int' to 'float', possible loss of data
c:\users\jens\documents\school\schooljaar 2017 & 2018\ambitieproject\ambitieprojectnhtv\game\game\BoxCollider.h(21): warning C4244: 'argument': conversion from 'int' to 'float', possible loss of data
c:\users\jens\documents\school\schooljaar 2017 & 2018\ambitieproject\ambitieprojectnhtv\game\game\BoxCollider.h(22): warning C4244: 'argument': conversion from 'int' to 'float', possible loss of data
ScoreManager.cpp(46): warning C4018: '<': signed/unsigned mismatch
ScoreManager.cpp(48): warning C4018: '<': signed/unsigned mismatch
ScoreManager.cpp(63): warning C4018: '<': signed/unsigned mismatch
ScoreManager.cpp(97): warning C4018: '<': signed/unsigned mismatch
ScoreManager.cpp(99): warning C4018: '<': signed/unsigned mismatch
ScoreManager.cpp(114): warning C4018: '<': signed/unsigned mismatch
  ShopCategoryItem.cpp
c:\users\jens\documents\school\schooljaar 2017 & 2018\ambitieproject\ambitieprojectnhtv\game\game\BoxCollider.h(20): warning C4244: 'argument': conversion from 'int' to 'float', possible loss of data
c:\users\jens\documents\school\schooljaar 2017 & 2018\ambitieproject\ambitieprojectnhtv\game\game\BoxCollider.h(21): warning C4244: 'argument': conversion from 'int' to 'float', possible loss of data
c:\users\jens\documents\school\schooljaar 2017 & 2018\ambitieproject\ambitieprojectnhtv\game\game\BoxCollider.h(22): warning C4244: 'argument': conversion from 'int' to 'float', possible loss of data
  ShopItem.cpp
c:\users\jens\documents\school\schooljaar 2017 & 2018\ambitieproject\ambitieprojectnhtv\game\game\BoxCollider.h(20): warning C4244: 'argument': conversion from 'int' to 'float', possible loss of data
c:\users\jens\documents\school\schooljaar 2017 & 2018\ambitieproject\ambitieprojectnhtv\game\game\BoxCollider.h(21): warning C4244: 'argument': conversion from 'int' to 'float', possible loss of data
c:\users\jens\documents\school\schooljaar 2017 & 2018\ambitieproject\ambitieprojectnhtv\game\game\BoxCollider.h(22): warning C4244: 'argument': conversion from 'int' to 'float', possible loss of data
  ShopManager.cpp
c:\users\jens\documents\school\schooljaar 2017 & 2018\ambitieproject\ambitieprojectnhtv\game\game\BoxCollider.h(20): warning C4244: 'argument': conversion from 'int' to 'float', possible loss of data
c:\users\jens\documents\school\schooljaar 2017 & 2018\ambitieproject\ambitieprojectnhtv\game\game\BoxCollider.h(21): warning C4244: 'argument': conversion from 'int' to 'float', possible loss of data
c:\users\jens\documents\school\schooljaar 2017 & 2018\ambitieproject\ambitieprojectnhtv\game\game\BoxCollider.h(22): warning C4244: 'argument': conversion from 'int' to 'float', possible loss of data
ShopManager.cpp(44): warning C4018: '<': signed/unsigned mismatch
ShopManager.cpp(57): warning C4018: '<': signed/unsigned mismatch
ShopManager.cpp(70): warning C4018: '<': signed/unsigned mismatch
ShopManager.cpp(101): warning C4996: 'sf::Text::setColor': was declared deprecated
  C:\Users\Jens\Documents\School\Schooljaar 2017 & 2018\Ambitieproject\AmbitieprojectNHTV\Game\SFML\include\SFML/Graphics/Text.hpp(177): note: see declaration of 'sf::Text::setColor'
ShopManager.cpp(157): warning C4018: '<': signed/unsigned mismatch
ShopManager.cpp(208): warning C4018: '<': signed/unsigned mismatch
ShopManager.cpp(230): warning C4018: '<': signed/unsigned mismatch
ShopManager.cpp(285): warning C4996: 'sf::Text::setColor': was declared deprecated
  C:\Users\Jens\Documents\School\Schooljaar 2017 & 2018\Ambitieproject\AmbitieprojectNHTV\Game\SFML\include\SFML/Graphics/Text.hpp(177): note: see declaration of 'sf::Text::setColor'
ShopManager.cpp(303): warning C4996: 'sf::Text::setColor': was declared deprecated
  C:\Users\Jens\Documents\School\Schooljaar 2017 & 2018\Ambitieproject\AmbitieprojectNHTV\Game\SFML\include\SFML/Graphics/Text.hpp(177): note: see declaration of 'sf::Text::setColor'
ShopManager.cpp(325): warning C4018: '<': signed/unsigned mismatch
ShopManager.cpp(355): warning C4996: 'sf::Text::setColor': was declared deprecated
  C:\Users\Jens\Documents\School\Schooljaar 2017 & 2018\Ambitieproject\AmbitieprojectNHTV\Game\SFML\include\SFML/Graphics/Text.hpp(177): note: see declaration of 'sf::Text::setColor'
ShopManager.cpp(359): warning C4996: 'sf::Text::setColor': was declared deprecated
  C:\Users\Jens\Documents\School\Schooljaar 2017 & 2018\Ambitieproject\AmbitieprojectNHTV\Game\SFML\include\SFML/Graphics/Text.hpp(177): note: see declaration of 'sf::Text::setColor'
c:\users\jens\documents\school\schooljaar 2017 & 2018\ambitieproject\ambitieprojectnhtv\game\game\GameObject.h(74): warning C4018: '<': signed/unsigned mismatch
  ShopManager.cpp(30): note: see reference to function template instantiation 'component *GameObject::GetComponent<BC::Sprite>(void)' being compiled
          with
          [
              component=BC::Sprite
          ]
  ShopScene.cpp
c:\users\jens\documents\school\schooljaar 2017 & 2018\ambitieproject\ambitieprojectnhtv\game\game\BoxCollider.h(20): warning C4244: 'argument': conversion from 'int' to 'float', possible loss of data
c:\users\jens\documents\school\schooljaar 2017 & 2018\ambitieproject\ambitieprojectnhtv\game\game\BoxCollider.h(21): warning C4244: 'argument': conversion from 'int' to 'float', possible loss of data
c:\users\jens\documents\school\schooljaar 2017 & 2018\ambitieproject\ambitieprojectnhtv\game\game\BoxCollider.h(22): warning C4244: 'argument': conversion from 'int' to 'float', possible loss of data
ShopScene.cpp(39): warning C4244: 'argument': conversion from 'unsigned int' to 'float', possible loss of data
ShopScene.cpp(51): warning C4244: 'argument': conversion from 'unsigned int' to 'float', possible loss of data
ShopScene.cpp(55): warning C4244: 'argument': conversion from 'unsigned int' to 'float', possible loss of data
ShopScene.cpp(56): warning C4244: 'argument': conversion from 'unsigned int' to 'float', possible loss of data
  Sound.cpp
  Sprite.cpp
  Text.cpp
  TimeManager.cpp
c:\users\jens\documents\school\schooljaar 2017 & 2018\ambitieproject\ambitieprojectnhtv\game\game\BoxCollider.h(20): warning C4244: 'argument': conversion from 'int' to 'float', possible loss of data
c:\users\jens\documents\school\schooljaar 2017 & 2018\ambitieproject\ambitieprojectnhtv\game\game\BoxCollider.h(21): warning C4244: 'argument': conversion from 'int' to 'float', possible loss of data
c:\users\jens\documents\school\schooljaar 2017 & 2018\ambitieproject\ambitieprojectnhtv\game\game\BoxCollider.h(22): warning C4244: 'argument': conversion from 'int' to 'float', possible loss of data
c:\users\jens\documents\school\schooljaar 2017 & 2018\ambitieproject\ambitieprojectnhtv\game\game\GameObject.h(74): warning C4018: '<': signed/unsigned mismatch
  TimeManager.cpp(27): note: see reference to function template instantiation 'component *GameObject::GetComponent<BC::Text>(void)' being compiled
          with
          [
              component=BC::Text
          ]
  ValidationManager.cpp
c:\users\jens\documents\school\schooljaar 2017 & 2018\ambitieproject\ambitieprojectnhtv\game\game\BoxCollider.h(20): warning C4244: 'argument': conversion from 'int' to 'float', possible loss of data
c:\users\jens\documents\school\schooljaar 2017 & 2018\ambitieproject\ambitieprojectnhtv\game\game\BoxCollider.h(21): warning C4244: 'argument': conversion from 'int' to 'float', possible loss of data
c:\users\jens\documents\school\schooljaar 2017 & 2018\ambitieproject\ambitieprojectnhtv\game\game\BoxCollider.h(22): warning C4244: 'argument': conversion from 'int' to 'float', possible loss of data
c:\users\jens\documents\school\schooljaar 2017 & 2018\ambitieproject\ambitieprojectnhtv\game\game\GameObject.h(74): warning C4018: '<': signed/unsigned mismatch
  ValidationManager.cpp(37): note: see reference to function template instantiation 'component *GameObject::GetComponent<BC::BoxCollider>(void)' being compiled
          with
          [
              component=BC::BoxCollider
          ]
  Generating code
  45 of 3227 functions ( 1.4%) were compiled, the rest were copied from previous compilation.
    0 functions were new in current compilation
    37 functions had inline decision re-evaluated but remain unchanged
  Finished generating code
  Game.vcxproj -> C:\Users\Jens\Documents\School\Schooljaar 2017 & 2018\Ambitieproject\AmbitieprojectNHTV\Game\Release\Game.exe
